2023-10-04T09:12:46.319+09:00  INFO 11808 --- [restartedMain] kr.ch08.Ch08Application                  : Starting Ch08Application using Java 17.0.8.1 with PID 11808 (C:\Users\Java\Desktop\Workspace\Spring\Ch08\target\classes started by Java in C:\Users\Java\Desktop\Workspace\Spring\Ch08)
2023-10-04T09:12:46.323+09:00  INFO 11808 --- [restartedMain] kr.ch08.Ch08Application                  : No active profile set, falling back to 1 default profile: "default"
2023-10-04T09:12:46.355+09:00  INFO 11808 --- [restartedMain] .e.DevToolsPropertyDefaultsPostProcessor : Devtools property defaults active! Set 'spring.devtools.add-properties' to 'false' to disable
2023-10-04T09:12:46.355+09:00  INFO 11808 --- [restartedMain] .e.DevToolsPropertyDefaultsPostProcessor : For additional web related logging consider setting the 'logging.level.web' property to 'DEBUG'
2023-10-04T09:12:46.621+09:00  INFO 11808 --- [restartedMain] .s.d.r.c.RepositoryConfigurationDelegate : Bootstrapping Spring Data JPA repositories in DEFAULT mode.
2023-10-04T09:12:46.633+09:00  INFO 11808 --- [restartedMain] .s.d.r.c.RepositoryConfigurationDelegate : Finished Spring Data repository scanning in 7 ms. Found 0 JPA repository interfaces.
2023-10-04T09:12:46.904+09:00  INFO 11808 --- [restartedMain] o.s.b.w.embedded.tomcat.TomcatWebServer  : Tomcat initialized with port(s): 8080 (http)
2023-10-04T09:12:46.910+09:00  INFO 11808 --- [restartedMain] o.apache.catalina.core.StandardService   : Starting service [Tomcat]
2023-10-04T09:12:46.911+09:00  INFO 11808 --- [restartedMain] o.apache.catalina.core.StandardEngine    : Starting Servlet engine: [Apache Tomcat/10.1.13]
2023-10-04T09:12:46.957+09:00  INFO 11808 --- [restartedMain] o.a.c.c.C.[Tomcat].[localhost].[/Ch08]   : Initializing Spring embedded WebApplicationContext
2023-10-04T09:12:46.957+09:00  INFO 11808 --- [restartedMain] w.s.c.ServletWebServerApplicationContext : Root WebApplicationContext: initialization completed in 602 ms
2023-10-04T09:12:47.043+09:00  INFO 11808 --- [restartedMain] o.hibernate.jpa.internal.util.LogHelper  : HHH000204: Processing PersistenceUnitInfo [name: default]
2023-10-04T09:12:47.078+09:00  INFO 11808 --- [restartedMain] org.hibernate.Version                    : HHH000412: Hibernate ORM core version 6.2.9.Final
2023-10-04T09:12:47.080+09:00  INFO 11808 --- [restartedMain] org.hibernate.cfg.Environment            : HHH000406: Using bytecode reflection optimizer
2023-10-04T09:12:47.161+09:00  INFO 11808 --- [restartedMain] o.h.b.i.BytecodeProviderInitiator        : HHH000021: Bytecode provider name : bytebuddy
2023-10-04T09:12:47.221+09:00  INFO 11808 --- [restartedMain] o.s.o.j.p.SpringPersistenceUnitInfo      : No LoadTimeWeaver setup: ignoring JPA class transformer
2023-10-04T09:12:47.231+09:00  INFO 11808 --- [restartedMain] com.zaxxer.hikari.HikariDataSource       : HikariPool-1 - Starting...
2023-10-04T09:12:47.232+09:00  WARN 11808 --- [restartedMain] c.zaxxer.hikari.util.DriverDataSource    : Registered driver with driverClassName=com.mysql.jdbc.Driver was not found, trying direct instantiation.
2023-10-04T09:12:47.704+09:00  INFO 11808 --- [restartedMain] com.zaxxer.hikari.pool.HikariPool        : HikariPool-1 - Added connection com.mysql.cj.jdbc.ConnectionImpl@3bcdb554
2023-10-04T09:12:47.707+09:00  INFO 11808 --- [restartedMain] com.zaxxer.hikari.HikariDataSource       : HikariPool-1 - Start completed.
2023-10-04T09:12:47.785+09:00  WARN 11808 --- [restartedMain] org.hibernate.orm.deprecation            : HHH90000026: MySQL57Dialect has been deprecated; use org.hibernate.dialect.MySQLDialect instead
2023-10-04T09:12:47.837+09:00  INFO 11808 --- [restartedMain] o.h.b.i.BytecodeProviderInitiator        : HHH000021: Bytecode provider name : bytebuddy
2023-10-04T09:12:47.962+09:00  INFO 11808 --- [restartedMain] o.h.e.t.j.p.i.JtaPlatformInitiator       : HHH000490: Using JtaPlatform implementation: [org.hibernate.engine.transaction.jta.platform.internal.NoJtaPlatform]
2023-10-04T09:12:47.966+09:00  INFO 11808 --- [restartedMain] j.LocalContainerEntityManagerFactoryBean : Initialized JPA EntityManagerFactory for persistence unit 'default'
2023-10-04T09:12:47.975+09:00  WARN 11808 --- [restartedMain] ConfigServletWebServerApplicationContext : Exception encountered during context initialization - cancelling refresh attempt: org.springframework.beans.factory.UnsatisfiedDependencyException: Error creating bean with name 'mainController': Unsatisfied dependency expressed through field 'repo': No qualifying bean of type 'kr.ch08.repository.User1Repository' available: expected at least 1 bean which qualifies as autowire candidate. Dependency annotations: {@org.springframework.beans.factory.annotation.Autowired(required=true)}
2023-10-04T09:12:47.975+09:00  INFO 11808 --- [restartedMain] j.LocalContainerEntityManagerFactoryBean : Closing JPA EntityManagerFactory for persistence unit 'default'
2023-10-04T09:12:47.977+09:00  INFO 11808 --- [restartedMain] com.zaxxer.hikari.HikariDataSource       : HikariPool-1 - Shutdown initiated...
2023-10-04T09:12:48.040+09:00  INFO 11808 --- [restartedMain] com.zaxxer.hikari.HikariDataSource       : HikariPool-1 - Shutdown completed.
2023-10-04T09:12:48.041+09:00  INFO 11808 --- [restartedMain] o.apache.catalina.core.StandardService   : Stopping service [Tomcat]
2023-10-04T09:12:48.048+09:00  INFO 11808 --- [restartedMain] .s.b.a.l.ConditionEvaluationReportLogger : 

Error starting ApplicationContext. To display the condition evaluation report re-run your application with 'debug' enabled.
2023-10-04T09:12:48.060+09:00 ERROR 11808 --- [restartedMain] o.s.b.d.LoggingFailureAnalysisReporter   : 

***************************
APPLICATION FAILED TO START
***************************

Description:

Field repo in kr.ch08.controller.MainController required a bean of type 'kr.ch08.repository.User1Repository' that could not be found.

The injection point has the following annotations:
	- @org.springframework.beans.factory.annotation.Autowired(required=true)


Action:

Consider defining a bean of type 'kr.ch08.repository.User1Repository' in your configuration.

